Using pre-set license
Built from '2022.3/staging' branch; Version is '2022.3.16f1 (d2c21f0ef2f1) revision 13812255'; Using compiler version '192829333'; Build Type 'Release'
OS: 'Windows 10  (10.0.19045) 64bit Professional' Language: 'ko' Physical Memory: 16321 MB
BatchMode: 1, IsHumanControllingUs: 0, StartBugReporterOnCrash: 0, Is64bit: 1, IsPro: 1

COMMAND LINE ARGUMENTS:
C:\Program Files\Unity\Hub\Editor\2022.3.16f1\Editor\Unity.exe
-adb2
-batchMode
-noUpm
-name
AssetImportWorker0
-projectPath
F:/유니티(8)_장민수/Atent01/Unity/24.02/3Dproject
-logFile
Logs/AssetImportWorker0.log
-srvPort
58607
Successfully changed project path to: F:/유니티(8)_장민수/Atent01/Unity/24.02/3Dproject
F:/유니티(8)_장민수/Atent01/Unity/24.02/3Dproject
[UnityMemory] Configuration Parameters - Can be set up in boot.config
    "memorysetup-bucket-allocator-granularity=16"
    "memorysetup-bucket-allocator-bucket-count=8"
    "memorysetup-bucket-allocator-block-size=33554432"
    "memorysetup-bucket-allocator-block-count=8"
    "memorysetup-main-allocator-block-size=16777216"
    "memorysetup-thread-allocator-block-size=16777216"
    "memorysetup-gfx-main-allocator-block-size=16777216"
    "memorysetup-gfx-thread-allocator-block-size=16777216"
    "memorysetup-cache-allocator-block-size=4194304"
    "memorysetup-typetree-allocator-block-size=2097152"
    "memorysetup-profiler-bucket-allocator-granularity=16"
    "memorysetup-profiler-bucket-allocator-bucket-count=8"
    "memorysetup-profiler-bucket-allocator-block-size=33554432"
    "memorysetup-profiler-bucket-allocator-block-count=8"
    "memorysetup-profiler-allocator-block-size=16777216"
    "memorysetup-profiler-editor-allocator-block-size=1048576"
    "memorysetup-temp-allocator-size-main=16777216"
    "memorysetup-job-temp-allocator-block-size=2097152"
    "memorysetup-job-temp-allocator-block-size-background=1048576"
    "memorysetup-job-temp-allocator-reduction-small-platforms=262144"
    "memorysetup-allocator-temp-initial-block-size-main=262144"
    "memorysetup-allocator-temp-initial-block-size-worker=262144"
    "memorysetup-temp-allocator-size-background-worker=32768"
    "memorysetup-temp-allocator-size-job-worker=262144"
    "memorysetup-temp-allocator-size-preload-manager=33554432"
    "memorysetup-temp-allocator-size-nav-mesh-worker=65536"
    "memorysetup-temp-allocator-size-audio-worker=65536"
    "memorysetup-temp-allocator-size-cloud-worker=32768"
    "memorysetup-temp-allocator-size-gi-baking-worker=262144"
    "memorysetup-temp-allocator-size-gfx=262144"
Player connection [11504] Host "[IP] 192.168.20.46 [Port] 0 [Flags] 2 [Guid] 594444821 [EditorId] 594444821 [Version] 1048832 [Id] WindowsEditor(7,DESKTOP-8REQ8EP) [Debug] 1 [PackageName] WindowsEditor [ProjectName] Editor" joined multi-casting on [225.0.0.222:54997]...

Player connection [11504] Host "[IP] 192.168.20.46 [Port] 0 [Flags] 2 [Guid] 594444821 [EditorId] 594444821 [Version] 1048832 [Id] WindowsEditor(7,DESKTOP-8REQ8EP) [Debug] 1 [PackageName] WindowsEditor [ProjectName] Editor" joined alternative multi-casting on [225.0.0.222:34997]...

[Physics::Module] Initialized MultithreadedJobDispatcher with 3 workers.
Refreshing native plugins compatible for Editor in 7.49 ms, found 3 plugins.
Preloading 0 native plugins for Editor in 0.00 ms.
Initialize engine version: 2022.3.16f1 (d2c21f0ef2f1)
[Subsystems] Discovering subsystems at path C:/Program Files/Unity/Hub/Editor/2022.3.16f1/Editor/Data/Resources/UnitySubsystems
[Subsystems] Discovering subsystems at path F:/유니티(8)_장민수/Atent01/Unity/24.02/3Dproject/Assets
GfxDevice: creating device client; threaded=0; jobified=0
Direct3D:
    Version:  Direct3D 11.0 [level 11.0]
    Renderer: NVIDIA GeForce GT 710 (ID=0x128b)
    Vendor:   NVIDIA
    VRAM:     984 MB
    Driver:   30.0.14.7414
Initialize mono
Mono path[0] = 'C:/Program Files/Unity/Hub/Editor/2022.3.16f1/Editor/Data/Managed'
Mono path[1] = 'C:/Program Files/Unity/Hub/Editor/2022.3.16f1/Editor/Data/MonoBleedingEdge/lib/mono/unityjit-win32'
Mono config path = 'C:/Program Files/Unity/Hub/Editor/2022.3.16f1/Editor/Data/MonoBleedingEdge/etc'
Using monoOptions --debugger-agent=transport=dt_socket,embedding=1,server=y,suspend=n,address=127.0.0.1:56360
Begin MonoManager ReloadAssembly
Registering precompiled unity dll's ...
Register platform support module: C:/Program Files/Unity/Hub/Editor/2022.3.16f1/Editor/Data/PlaybackEngines/WindowsStandaloneSupport/UnityEditor.WindowsStandalone.Extensions.dll
Registered in 0.011774 seconds.
- Loaded All Assemblies, in  0.402 seconds
Native extension for WindowsStandalone target not found
Mono: successfully reloaded assembly
- Finished resetting the current domain, in  0.332 seconds
Domain Reload Profiling: 733ms
	BeginReloadAssembly (120ms)
		ExecutionOrderSort (0ms)
		DisableScriptedObjects (0ms)
		BackupInstance (0ms)
		ReleaseScriptingObjects (0ms)
		CreateAndSetChildDomain (1ms)
	RebuildCommonClasses (38ms)
	RebuildNativeTypeToScriptingClass (15ms)
	initialDomainReloadingComplete (71ms)
	LoadAllAssembliesAndSetupDomain (157ms)
		LoadAssemblies (117ms)
		RebuildTransferFunctionScriptingTraits (0ms)
		AnalyzeDomain (155ms)
			TypeCache.Refresh (153ms)
				TypeCache.ScanAssembly (138ms)
			ScanForSourceGeneratedMonoScriptInfo (0ms)
			ResolveRequiredComponents (1ms)
	FinalizeReload (332ms)
		ReleaseScriptCaches (0ms)
		RebuildScriptCaches (0ms)
		SetupLoadedEditorAssemblies (255ms)
			LogAssemblyErrors (0ms)
			InitializePlatformSupportModulesInManaged (14ms)
			SetLoadedEditorAssemblies (11ms)
			RefreshPlugins (0ms)
			BeforeProcessingInitializeOnLoad (3ms)
			ProcessInitializeOnLoadAttributes (172ms)
			ProcessInitializeOnLoadMethodAttributes (55ms)
			AfterProcessingInitializeOnLoad (0ms)
			EditorAssembliesLoaded (0ms)
		ExecutionOrderSort2 (0ms)
		AwakeInstancesAfterBackupRestoration (0ms)
========================================================================
Worker process is ready to serve import requests
Begin MonoManager ReloadAssembly
- Loaded All Assemblies, in  0.758 seconds
Refreshing native plugins compatible for Editor in 2.17 ms, found 3 plugins.
Native extension for WindowsStandalone target not found
Package Manager log level set to [2]
[Package Manager] Server::EnsureServerProcessIsRunning -- launch failed, reason: Unity was launched with the -noUpm command-line argument
[Package Manager] UpmClient::Send -- Unable to send message (not connected to UPM process).
[Package Manager] Cannot connect to Unity Package Manager local server
Mono: successfully reloaded assembly
- Finished resetting the current domain, in  0.837 seconds
Domain Reload Profiling: 1594ms
	BeginReloadAssembly (192ms)
		ExecutionOrderSort (0ms)
		DisableScriptedObjects (7ms)
		BackupInstance (0ms)
		ReleaseScriptingObjects (0ms)
		CreateAndSetChildDomain (24ms)
	RebuildCommonClasses (37ms)
	RebuildNativeTypeToScriptingClass (13ms)
	initialDomainReloadingComplete (46ms)
	LoadAllAssembliesAndSetupDomain (468ms)
		LoadAssemblies (365ms)
		RebuildTransferFunctionScriptingTraits (0ms)
		AnalyzeDomain (220ms)
			TypeCache.Refresh (193ms)
				TypeCache.ScanAssembly (178ms)
			ScanForSourceGeneratedMonoScriptInfo (19ms)
			ResolveRequiredComponents (7ms)
	FinalizeReload (838ms)
		ReleaseScriptCaches (0ms)
		RebuildScriptCaches (0ms)
		SetupLoadedEditorAssemblies (653ms)
			LogAssemblyErrors (0ms)
			InitializePlatformSupportModulesInManaged (8ms)
			SetLoadedEditorAssemblies (5ms)
			RefreshPlugins (0ms)
			BeforeProcessingInitializeOnLoad (112ms)
			ProcessInitializeOnLoadAttributes (493ms)
			ProcessInitializeOnLoadMethodAttributes (25ms)
			AfterProcessingInitializeOnLoad (8ms)
			EditorAssembliesLoaded (0ms)
		ExecutionOrderSort2 (0ms)
		AwakeInstancesAfterBackupRestoration (8ms)
Launched and connected shader compiler UnityShaderCompiler.exe after 0.06 seconds
Refreshing native plugins compatible for Editor in 2.23 ms, found 3 plugins.
Preloading 0 native plugins for Editor in 0.00 ms.
Unloading 3627 Unused Serialized files (Serialized files now loaded: 0)
Unloading 52 unused Assets / (130.8 KB). Loaded Objects now: 4088.
Memory consumption went from 133.8 MB to 133.7 MB.
Total: 3.396100 ms (FindLiveObjects: 0.323400 ms CreateObjectMapping: 0.205700 ms MarkObjects: 2.709000 ms  DeleteObjects: 0.157400 ms)

AssetImportParameters requested are different than current active one (requested -> active):
  custom:container-demuxer-ogg: 62fdf1f143b41e24485cea50d1cbac27 -> 
  custom:video-decoder-ogg-theora: a1e56fd34408186e4bbccfd4996cb3dc -> 
  custom:framework-win-MediaFoundation: 216162199b28c13a410421893ffa2e32 -> 
  custom:CustomObjectIndexerAttribute: 43b350a4d6e6d1791af0b5038c4bea17 -> 
  custom:container-demuxer-webm: 4f35f7cbe854078d1ac9338744f61a02 -> 
  custom:container-muxer-webm: aa71ff27fc2769a1b78a27578f13a17b -> 
  custom:video-decoder-webm-vp8: 9c59270c3fd7afecdb556c50c9e8de78 -> 
  custom:SearchIndexIgnoredProperties: e643bd26f0fe6173181afceb89e7c659 -> 
  custom:AudioImporter_EditorPlatform: d09bf68614088b80899f8185d706f6e7 -> 
  custom:video-encoder-webm-vp8: eb34c28f22e8b96e1ab97ce403110664 -> 
  custom:audio-decoder-ogg-vorbis: bf7c407c2cedff20999df2af8eb42d56 -> 
  custom:audio-encoder-webm-vorbis: bf7c407c2cedff20999df2af8eb42d56 -> 
========================================================================
Received Import Request.
  Time since last request: 454326.604758 seconds.
  path: Assets
  artifactKey: Guid(00000000000000001000000000000000) Importer(815301076,1909f56bfc062723c751e8b465ee728b)
Start importing Assets using Guid(00000000000000001000000000000000) Importer(815301076,1909f56bfc062723c751e8b465ee728b)  -> (artifact id: '8a4fe85251aa2e89732c359432baa2c3') in 0.003042 seconds
Number of updated asset objects reloaded before import = 0
Number of asset objects unloaded after import = 0
========================================================================
Received Import Request.
  Time since last request: 2.385181 seconds.
  path: Assets/_Prefeb
  artifactKey: Guid(0de97cf9bc04e3947a768242e0ccbdc9) Importer(815301076,1909f56bfc062723c751e8b465ee728b)
Start importing Assets/_Prefeb using Guid(0de97cf9bc04e3947a768242e0ccbdc9) Importer(815301076,1909f56bfc062723c751e8b465ee728b)  -> (artifact id: '96e62af3a0c06fbb8faa4e593b616952') in 0.000637 seconds
Number of updated asset objects reloaded before import = 0
Number of asset objects unloaded after import = 0
========================================================================
Received Import Request.
  Time since last request: 2.776009 seconds.
  path: Assets/WhiteCity
  artifactKey: Guid(15e1b9b195d0765408618c4755b46069) Importer(815301076,1909f56bfc062723c751e8b465ee728b)
Start importing Assets/WhiteCity using Guid(15e1b9b195d0765408618c4755b46069) Importer(815301076,1909f56bfc062723c751e8b465ee728b)  -> (artifact id: '4c2a750afa756f9bd6d37a670d58f1f3') in 0.000467 seconds
Number of updated asset objects reloaded before import = 0
Number of asset objects unloaded after import = 0
========================================================================
Received Import Request.
  Time since last request: 2.159383 seconds.
  path: Assets/WhiteCity/Scenes
  artifactKey: Guid(e62473e778be21c4ab078a36a3feb410) Importer(815301076,1909f56bfc062723c751e8b465ee728b)
Start importing Assets/WhiteCity/Scenes using Guid(e62473e778be21c4ab078a36a3feb410) Importer(815301076,1909f56bfc062723c751e8b465ee728b)  -> (artifact id: 'c408aafc591b2328bb74eb86d15c4d21') in 0.000495 seconds
Number of updated asset objects reloaded before import = 0
Number of asset objects unloaded after import = 0
========================================================================
Received Import Request.
  Time since last request: 0.655036 seconds.
  path: Assets/WhiteCity/Scenes/Sample.unity
  artifactKey: Guid(1a4e37fe1d5bcef448eaacca8ef81fad) Importer(815301076,1909f56bfc062723c751e8b465ee728b)
Start importing Assets/WhiteCity/Scenes/Sample.unity using Guid(1a4e37fe1d5bcef448eaacca8ef81fad) Importer(815301076,1909f56bfc062723c751e8b465ee728b)  -> (artifact id: '2261912ada226b54892fe11e33b574b4') in 0.000504 seconds
Number of updated asset objects reloaded before import = 0
Number of asset objects unloaded after import = 0
========================================================================
Received Import Request.
  Time since last request: 400.717705 seconds.
  path: Assets/Seven Swords/Swords/Materials/broadSword_mat.mat
  artifactKey: Guid(240d193b5961a334c8aa5da3c4e00f7b) Importer(815301076,1909f56bfc062723c751e8b465ee728b)
Start importing Assets/Seven Swords/Swords/Materials/broadSword_mat.mat using Guid(240d193b5961a334c8aa5da3c4e00f7b) Importer(815301076,1909f56bfc062723c751e8b465ee728b)  -> (artifact id: 'e4d79e93f1a77e3d582625d1d7fcbce7') in 12.760616 seconds
Number of updated asset objects reloaded before import = 0
Number of asset objects unloaded after import = 5
========================================================================
Received Import Request.
  Time since last request: 0.429366 seconds.
  path: Assets/Seven Swords/Swords/Prefabs with Colliders/Broadsword w_ Colliders.prefab
  artifactKey: Guid(d096c2dbc4ba8b344a7752253f0049ad) Importer(815301076,1909f56bfc062723c751e8b465ee728b)
Start importing Assets/Seven Swords/Swords/Prefabs with Colliders/Broadsword w_ Colliders.prefab using Guid(d096c2dbc4ba8b344a7752253f0049ad) Importer(815301076,1909f56bfc062723c751e8b465ee728b)  -> (artifact id: 'b64f043609421eb4a040e8e2ff806ef1') in 7.031550 seconds
Number of updated asset objects reloaded before import = 0
Number of asset objects unloaded after import = 21
========================================================================
Received Prepare
Begin MonoManager ReloadAssembly
- Loaded All Assemblies, in  0.666 seconds
Refreshing native plugins compatible for Editor in 2.21 ms, found 3 plugins.
Native extension for WindowsStandalone target not found
[Package Manager] Server::EnsureServerProcessIsRunning -- launch failed, reason: Unity was launched with the -noUpm command-line argument
[Package Manager] UpmClient::Send -- Unable to send message (not connected to UPM process).
[Package Manager] Cannot connect to Unity Package Manager local server
Mono: successfully reloaded assembly
- Finished resetting the current domain, in  5.583 seconds
Domain Reload Profiling: 6246ms
	BeginReloadAssembly (180ms)
		ExecutionOrderSort (0ms)
		DisableScriptedObjects (7ms)
		BackupInstance (0ms)
		ReleaseScriptingObjects (0ms)
		CreateAndSetChildDomain (40ms)
	RebuildCommonClasses (39ms)
	RebuildNativeTypeToScriptingClass (14ms)
	initialDomainReloadingComplete (33ms)
	LoadAllAssembliesAndSetupDomain (396ms)
		LoadAssemblies (461ms)
		RebuildTransferFunctionScriptingTraits (0ms)
		AnalyzeDomain (32ms)
			TypeCache.Refresh (9ms)
				TypeCache.ScanAssembly (0ms)
			ScanForSourceGeneratedMonoScriptInfo (13ms)
			ResolveRequiredComponents (9ms)
	FinalizeReload (5584ms)
		ReleaseScriptCaches (0ms)
		RebuildScriptCaches (0ms)
		SetupLoadedEditorAssemblies (945ms)
			LogAssemblyErrors (0ms)
			InitializePlatformSupportModulesInManaged (68ms)
			SetLoadedEditorAssemblies (7ms)
			RefreshPlugins (0ms)
			BeforeProcessingInitializeOnLoad (168ms)
			ProcessInitializeOnLoadAttributes (644ms)
			ProcessInitializeOnLoadMethodAttributes (41ms)
			AfterProcessingInitializeOnLoad (17ms)
			EditorAssembliesLoaded (0ms)
		ExecutionOrderSort2 (0ms)
		AwakeInstancesAfterBackupRestoration (11ms)
Refreshing native plugins compatible for Editor in 3.17 ms, found 3 plugins.
Preloading 0 native plugins for Editor in 0.00 ms.
Unloading 3623 Unused Serialized files (Serialized files now loaded: 0)
Unloading 25 unused Assets / (102.9 KB). Loaded Objects now: 4150.
Memory consumption went from 139.8 MB to 139.7 MB.
Total: 3.700400 ms (FindLiveObjects: 0.670700 ms CreateObjectMapping: 0.338700 ms MarkObjects: 2.625700 ms  DeleteObjects: 0.058500 ms)

Prepare: number of updated asset objects reloaded= 0
AssetImportParameters requested are different than current active one (requested -> active):
  custom:container-demuxer-ogg: 62fdf1f143b41e24485cea50d1cbac27 -> 
  custom:video-decoder-ogg-theora: a1e56fd34408186e4bbccfd4996cb3dc -> 
  custom:framework-win-MediaFoundation: 216162199b28c13a410421893ffa2e32 -> 
  custom:CustomObjectIndexerAttribute: 43b350a4d6e6d1791af0b5038c4bea17 -> 
  custom:container-demuxer-webm: 4f35f7cbe854078d1ac9338744f61a02 -> 
  custom:container-muxer-webm: aa71ff27fc2769a1b78a27578f13a17b -> 
  custom:video-decoder-webm-vp8: 9c59270c3fd7afecdb556c50c9e8de78 -> 
  custom:SearchIndexIgnoredProperties: e643bd26f0fe6173181afceb89e7c659 -> 
  custom:AudioImporter_EditorPlatform: d09bf68614088b80899f8185d706f6e7 -> 
  custom:video-encoder-webm-vp8: eb34c28f22e8b96e1ab97ce403110664 -> 
  custom:audio-decoder-ogg-vorbis: bf7c407c2cedff20999df2af8eb42d56 -> 
  custom:audio-encoder-webm-vorbis: bf7c407c2cedff20999df2af8eb42d56 -> 
========================================================================
Received Import Request.
  Time since last request: 12.455559 seconds.
  path: Assets/Seven Swords/Swords/Prefabs with Colliders/Ulfberht w_ Colliders.prefab
  artifactKey: Guid(a45a25ec0193de54fbd3efca6e19755e) Importer(815301076,1909f56bfc062723c751e8b465ee728b)
Start importing Assets/Seven Swords/Swords/Prefabs with Colliders/Ulfberht w_ Colliders.prefab using Guid(a45a25ec0193de54fbd3efca6e19755e) Importer(815301076,1909f56bfc062723c751e8b465ee728b)  -> (artifact id: '47209c3d6f8c195861614a944f2d2bbd') in 0.200146 seconds
Number of updated asset objects reloaded before import = 0
Number of asset objects unloaded after import = 20
========================================================================
Received Import Request.
  Time since last request: 0.000024 seconds.
  path: Assets/Seven Swords/Swords/Prefabs with Colliders/Katana w_ Colliders.prefab
  artifactKey: Guid(47377a9aa6b50294a865e21fe968af4d) Importer(815301076,1909f56bfc062723c751e8b465ee728b)
Start importing Assets/Seven Swords/Swords/Prefabs with Colliders/Katana w_ Colliders.prefab using Guid(47377a9aa6b50294a865e21fe968af4d) Importer(815301076,1909f56bfc062723c751e8b465ee728b)  -> (artifact id: 'ec9523c6955d28f96d04c429c5cefde4') in 0.118550 seconds
Number of updated asset objects reloaded before import = 0
Number of asset objects unloaded after import = 20
========================================================================
Received Import Request.
  Time since last request: 0.000016 seconds.
  path: Assets/Seven Swords/Swords/Prefabs with Colliders/Rapier w_ Colliders.prefab
  artifactKey: Guid(10329765d2451e540b1dae01df03c59c) Importer(815301076,1909f56bfc062723c751e8b465ee728b)
Start importing Assets/Seven Swords/Swords/Prefabs with Colliders/Rapier w_ Colliders.prefab using Guid(10329765d2451e540b1dae01df03c59c) Importer(815301076,1909f56bfc062723c751e8b465ee728b)  -> (artifact id: '1d3b132620280130e35acfc13f92d5b1') in 0.115674 seconds
Number of updated asset objects reloaded before import = 0
Number of asset objects unloaded after import = 20
========================================================================
Received Import Request.
  Time since last request: 0.000019 seconds.
  path: Assets/Seven Swords/Swords/Prefabs with Colliders/Longsword w_ Colliders.prefab
  artifactKey: Guid(6a0eedfe1b2e14d47b276e72159e85b1) Importer(815301076,1909f56bfc062723c751e8b465ee728b)
Start importing Assets/Seven Swords/Swords/Prefabs with Colliders/Longsword w_ Colliders.prefab using Guid(6a0eedfe1b2e14d47b276e72159e85b1) Importer(815301076,1909f56bfc062723c751e8b465ee728b)  -> (artifact id: '10a474b8542bf880c6ea2960eb8c8bee') in 0.113105 seconds
Number of updated asset objects reloaded before import = 0
Number of asset objects unloaded after import = 20
========================================================================
Received Import Request.
  Time since last request: 0.000025 seconds.
  path: Assets/Seven Swords/Swords/Prefabs with Colliders/Scimitar w_ Colliders.prefab
  artifactKey: Guid(0af636dcf564eb140b31a01bf4b6a9fd) Importer(815301076,1909f56bfc062723c751e8b465ee728b)
Start importing Assets/Seven Swords/Swords/Prefabs with Colliders/Scimitar w_ Colliders.prefab using Guid(0af636dcf564eb140b31a01bf4b6a9fd) Importer(815301076,1909f56bfc062723c751e8b465ee728b)  -> (artifact id: '9bf0fa5f27f90379aad2f559a23c7372') in 0.229937 seconds
Number of updated asset objects reloaded before import = 0
Number of asset objects unloaded after import = 20
========================================================================
Received Import Request.
  Time since last request: 0.000030 seconds.
  path: Assets/Seven Swords/Swords/Prefabs with Colliders/Sabre w_ Colliders.prefab
  artifactKey: Guid(b9432b6a4a78c64449366f08c7196deb) Importer(815301076,1909f56bfc062723c751e8b465ee728b)
Start importing Assets/Seven Swords/Swords/Prefabs with Colliders/Sabre w_ Colliders.prefab using Guid(b9432b6a4a78c64449366f08c7196deb) Importer(815301076,1909f56bfc062723c751e8b465ee728b)  -> (artifact id: '0ffe05efd93018efb20e670808a3d2fb') in 0.139432 seconds
Number of updated asset objects reloaded before import = 0
Number of asset objects unloaded after import = 20
========================================================================
Received Import Request.
  Time since last request: 192.502756 seconds.
  path: Assets/AssetStore
  artifactKey: Guid(d0979089ba1879645848c4951aa60287) Importer(815301076,1909f56bfc062723c751e8b465ee728b)
Start importing Assets/AssetStore using Guid(d0979089ba1879645848c4951aa60287) Importer(815301076,1909f56bfc062723c751e8b465ee728b)  -> (artifact id: 'b05eda92ac70da29146ae816c6a8f7e1') in 0.120805 seconds
Number of updated asset objects reloaded before import = 0
Number of asset objects unloaded after import = 0
========================================================================
Received Prepare
Begin MonoManager ReloadAssembly
- Loaded All Assemblies, in 111.703 seconds
Refreshing native plugins compatible for Editor in 2.15 ms, found 3 plugins.
Native extension for WindowsStandalone target not found
[Package Manager] Server::EnsureServerProcessIsRunning -- launch failed, reason: Unity was launched with the -noUpm command-line argument
[Package Manager] UpmClient::Send -- Unable to send message (not connected to UPM process).
[Package Manager] Cannot connect to Unity Package Manager local server
Mono: successfully reloaded assembly
- Finished resetting the current domain, in  1.392 seconds
Domain Reload Profiling: 113095ms
	BeginReloadAssembly (204ms)
		ExecutionOrderSort (0ms)
		DisableScriptedObjects (6ms)
		BackupInstance (0ms)
		ReleaseScriptingObjects (0ms)
		CreateAndSetChildDomain (46ms)
	RebuildCommonClasses (5903ms)
	RebuildNativeTypeToScriptingClass (5937ms)
	initialDomainReloadingComplete (8308ms)
	LoadAllAssembliesAndSetupDomain (91349ms)
		LoadAssemblies (91417ms)
		RebuildTransferFunctionScriptingTraits (0ms)
		AnalyzeDomain (43ms)
			TypeCache.Refresh (14ms)
				TypeCache.ScanAssembly (0ms)
			ScanForSourceGeneratedMonoScriptInfo (18ms)
			ResolveRequiredComponents (9ms)
	FinalizeReload (1394ms)
		ReleaseScriptCaches (0ms)
		RebuildScriptCaches (0ms)
		SetupLoadedEditorAssemblies (743ms)
			LogAssemblyErrors (0ms)
			InitializePlatformSupportModulesInManaged (9ms)
			SetLoadedEditorAssemblies (5ms)
			RefreshPlugins (0ms)
			BeforeProcessingInitializeOnLoad (114ms)
			ProcessInitializeOnLoadAttributes (529ms)
			ProcessInitializeOnLoadMethodAttributes (64ms)
			AfterProcessingInitializeOnLoad (22ms)
			EditorAssembliesLoaded (1ms)
		ExecutionOrderSort2 (0ms)
		AwakeInstancesAfterBackupRestoration (21ms)
Refreshing native plugins compatible for Editor in 5.66 ms, found 3 plugins.
Preloading 0 native plugins for Editor in 0.00 ms.
Unloading 3622 Unused Serialized files (Serialized files now loaded: 0)
Unloading 25 unused Assets / (102.9 KB). Loaded Objects now: 4166.
Memory consumption went from 141.4 MB to 141.3 MB.
Total: 19.191900 ms (FindLiveObjects: 0.715400 ms CreateObjectMapping: 9.366000 ms MarkObjects: 9.016300 ms  DeleteObjects: 0.093200 ms)

Prepare: number of updated asset objects reloaded= 0
AssetImportParameters requested are different than current active one (requested -> active):
  custom:container-demuxer-ogg: 62fdf1f143b41e24485cea50d1cbac27 -> 
  custom:video-decoder-ogg-theora: a1e56fd34408186e4bbccfd4996cb3dc -> 
  custom:framework-win-MediaFoundation: 216162199b28c13a410421893ffa2e32 -> 
  custom:CustomObjectIndexerAttribute: 43b350a4d6e6d1791af0b5038c4bea17 -> 
  custom:container-demuxer-webm: 4f35f7cbe854078d1ac9338744f61a02 -> 
  custom:container-muxer-webm: aa71ff27fc2769a1b78a27578f13a17b -> 
  custom:video-decoder-webm-vp8: 9c59270c3fd7afecdb556c50c9e8de78 -> 
  custom:SearchIndexIgnoredProperties: e643bd26f0fe6173181afceb89e7c659 -> 
  custom:AudioImporter_EditorPlatform: d09bf68614088b80899f8185d706f6e7 -> 
  custom:video-encoder-webm-vp8: eb34c28f22e8b96e1ab97ce403110664 -> 
  custom:audio-decoder-ogg-vorbis: bf7c407c2cedff20999df2af8eb42d56 -> 
  custom:audio-encoder-webm-vorbis: bf7c407c2cedff20999df2af8eb42d56 -> 
========================================================================
Received Import Request.
  Time since last request: 289.616744 seconds.
  path: Assets/AssetStore/Mimic/Scripts
  artifactKey: Guid(8dc856654c2b8c546a8da2478e9656f4) Importer(815301076,1909f56bfc062723c751e8b465ee728b)
Start importing Assets/AssetStore/Mimic/Scripts using Guid(8dc856654c2b8c546a8da2478e9656f4) Importer(815301076,1909f56bfc062723c751e8b465ee728b)  -> (artifact id: 'daecde50f204edf50600188a496e1222') in 0.002818 seconds
Number of updated asset objects reloaded before import = 0
Number of asset objects unloaded after import = 0
========================================================================
Received Import Request.
  Time since last request: 2.239751 seconds.
  path: Assets/AssetStore/Mimic/Prefabs/Leg.prefab
  artifactKey: Guid(fb7bce2dee9494540a1866bb5d230a51) Importer(815301076,1909f56bfc062723c751e8b465ee728b)
Start importing Assets/AssetStore/Mimic/Prefabs/Leg.prefab using Guid(fb7bce2dee9494540a1866bb5d230a51) Importer(815301076,1909f56bfc062723c751e8b465ee728b)  -> (artifact id: 'd13fdcaed22857128926a662df21c077') in 0.097333 seconds
Number of updated asset objects reloaded before import = 0
Number of asset objects unloaded after import = 9
========================================================================
Received Import Request.
  Time since last request: 0.000018 seconds.
  path: Assets/AssetStore/Mimic/Prefabs/Mimic.prefab
  artifactKey: Guid(3fc537e92bf3d2449b5be72cfd6cb447) Importer(815301076,1909f56bfc062723c751e8b465ee728b)
Start importing Assets/AssetStore/Mimic/Prefabs/Mimic.prefab using Guid(3fc537e92bf3d2449b5be72cfd6cb447) Importer(815301076,1909f56bfc062723c751e8b465ee728b)  -> (artifact id: '20ba95e23f6736ae31a6fd4b10e39d36') in 0.022429 seconds
Number of updated asset objects reloaded before import = 0
Number of asset objects unloaded after import = 18
========================================================================
Received Import Request.
  Time since last request: 0.000024 seconds.
  path: Assets/AssetStore/Mimic/Prefabs/LegMesh.prefab
  artifactKey: Guid(0819c97ab1c2c1a4e89838ee98d0a8e4) Importer(815301076,1909f56bfc062723c751e8b465ee728b)
Start importing Assets/AssetStore/Mimic/Prefabs/LegMesh.prefab using Guid(0819c97ab1c2c1a4e89838ee98d0a8e4) Importer(815301076,1909f56bfc062723c751e8b465ee728b)  -> (artifact id: '28a7648fdc9ab32383dc117377bd322b') in 0.010958 seconds
Number of updated asset objects reloaded before import = 0
Number of asset objects unloaded after import = 12
========================================================================
Received Import Request.
  Time since last request: 0.405183 seconds.
  path: Assets/AssetStore/Mimic/Materials/Triplanar Normal Displacement.mat
  artifactKey: Guid(2a0a8b654f1500b488f9ce609f4fb2b0) Importer(815301076,1909f56bfc062723c751e8b465ee728b)
Start importing Assets/AssetStore/Mimic/Materials/Triplanar Normal Displacement.mat using Guid(2a0a8b654f1500b488f9ce609f4fb2b0) Importer(815301076,1909f56bfc062723c751e8b465ee728b)  -> (artifact id: 'd9bb39b4fa919ec15a808be6456473ae') in 0.033155 seconds
Number of updated asset objects reloaded before import = 0
Number of asset objects unloaded after import = 2
========================================================================
Received Import Request.
  Time since last request: 0.000016 seconds.
  path: Assets/AssetStore/Mimic/Materials/Unlit Shadow.mat
  artifactKey: Guid(43a2faec583568c4e8e790ad05f719b3) Importer(815301076,1909f56bfc062723c751e8b465ee728b)
Start importing Assets/AssetStore/Mimic/Materials/Unlit Shadow.mat using Guid(43a2faec583568c4e8e790ad05f719b3) Importer(815301076,1909f56bfc062723c751e8b465ee728b)  -> (artifact id: 'f4b35c0737bc8d1c43b21c045484cf19') in 0.007764 seconds
Number of updated asset objects reloaded before import = 0
Number of asset objects unloaded after import = 1
========================================================================
Received Import Request.
  Time since last request: 0.588646 seconds.
  path: Assets/AssetStore/Mimic/DemoScene/New Terrain.asset
  artifactKey: Guid(023f286e29aa6664c91adbc9ae840bb3) Importer(815301076,1909f56bfc062723c751e8b465ee728b)
Start importing Assets/AssetStore/Mimic/DemoScene/New Terrain.asset using Guid(023f286e29aa6664c91adbc9ae840bb3) Importer(815301076,1909f56bfc062723c751e8b465ee728b)  -> (artifact id: 'f526d1a59dc23bb76ee1a8b98fc066a4') in 0.016412 seconds
Number of updated asset objects reloaded before import = 0
Number of asset objects unloaded after import = 1
========================================================================
Received Import Request.
  Time since last request: 18.470278 seconds.
  path: Assets/AssetStore/Helica/PM-40/Meshes/Desk.FBX
  artifactKey: Guid(73c990932743f894f913aee56bb1c271) Importer(815301076,1909f56bfc062723c751e8b465ee728b)
Start importing Assets/AssetStore/Helica/PM-40/Meshes/Desk.FBX using Guid(73c990932743f894f913aee56bb1c271) Importer(815301076,1909f56bfc062723c751e8b465ee728b)  -> (artifact id: '379e1847f4291cda34e2b45326d29f1f') in 0.454059 seconds
Number of updated asset objects reloaded before import = 0
Number of asset objects unloaded after import = 7
========================================================================
Received Import Request.
  Time since last request: 0.000024 seconds.
  path: Assets/AssetStore/Helica/PM-40/Meshes/PM-40_Mesh.FBX
  artifactKey: Guid(45b08677cbcfc414f937226fbf703901) Importer(815301076,1909f56bfc062723c751e8b465ee728b)
Start importing Assets/AssetStore/Helica/PM-40/Meshes/PM-40_Mesh.FBX using Guid(45b08677cbcfc414f937226fbf703901) Importer(815301076,1909f56bfc062723c751e8b465ee728b)  -> (artifact id: '0163b46ba210955b7d37ee1350f92e34') in 0.064824 seconds
Number of updated asset objects reloaded before import = 0
Number of asset objects unloaded after import = 27
========================================================================
Received Import Request.
  Time since last request: 5.650388 seconds.
  path: Assets/AssetStore/Mimic/DemoScene
  artifactKey: Guid(6fd0ab23b2e012e4590f5e96a19cb61b) Importer(815301076,1909f56bfc062723c751e8b465ee728b)
Start importing Assets/AssetStore/Mimic/DemoScene using Guid(6fd0ab23b2e012e4590f5e96a19cb61b) Importer(815301076,1909f56bfc062723c751e8b465ee728b)  -> (artifact id: '9a8736a196ffd22aa99ac103d7f97225') in 0.000575 seconds
Number of updated asset objects reloaded before import = 0
Number of asset objects unloaded after import = 0
========================================================================
Received Import Request.
  Time since last request: 1.533818 seconds.
  path: Assets/AssetStore/Mimic/DemoScene/DemoScene.unity
  artifactKey: Guid(217b5f9316f9f9241bd661ada26bc2fe) Importer(815301076,1909f56bfc062723c751e8b465ee728b)
Start importing Assets/AssetStore/Mimic/DemoScene/DemoScene.unity using Guid(217b5f9316f9f9241bd661ada26bc2fe) Importer(815301076,1909f56bfc062723c751e8b465ee728b)  -> (artifact id: '6bb3f5ecaa85c68fd71fdcd7a924a178') in 0.000556 seconds
Number of updated asset objects reloaded before import = 0
Number of asset objects unloaded after import = 0
========================================================================
Received Prepare
Begin MonoManager ReloadAssembly
- Loaded All Assemblies, in  0.511 seconds
Refreshing native plugins compatible for Editor in 2.07 ms, found 3 plugins.
Native extension for WindowsStandalone target not found
[Package Manager] Server::EnsureServerProcessIsRunning -- launch failed, reason: Unity was launched with the -noUpm command-line argument
[Package Manager] UpmClient::Send -- Unable to send message (not connected to UPM process).
[Package Manager] Cannot connect to Unity Package Manager local server
Mono: successfully reloaded assembly
- Finished resetting the current domain, in  1.121 seconds
Domain Reload Profiling: 1630ms
	BeginReloadAssembly (175ms)
		ExecutionOrderSort (0ms)
		DisableScriptedObjects (5ms)
		BackupInstance (0ms)
		ReleaseScriptingObjects (0ms)
		CreateAndSetChildDomain (40ms)
	RebuildCommonClasses (38ms)
	RebuildNativeTypeToScriptingClass (13ms)
	initialDomainReloadingComplete (31ms)
	LoadAllAssembliesAndSetupDomain (251ms)
		LoadAssemblies (333ms)
		RebuildTransferFunctionScriptingTraits (0ms)
		AnalyzeDomain (14ms)
			TypeCache.Refresh (6ms)
				TypeCache.ScanAssembly (0ms)
			ScanForSourceGeneratedMonoScriptInfo (0ms)
			ResolveRequiredComponents (7ms)
	FinalizeReload (1121ms)
		ReleaseScriptCaches (0ms)
		RebuildScriptCaches (0ms)
		SetupLoadedEditorAssemblies (675ms)
			LogAssemblyErrors (0ms)
			InitializePlatformSupportModulesInManaged (8ms)
			SetLoadedEditorAssemblies (5ms)
			RefreshPlugins (0ms)
			BeforeProcessingInitializeOnLoad (118ms)
			ProcessInitializeOnLoadAttributes (509ms)
			ProcessInitializeOnLoadMethodAttributes (26ms)
			AfterProcessingInitializeOnLoad (8ms)
			EditorAssembliesLoaded (0ms)
		ExecutionOrderSort2 (0ms)
		AwakeInstancesAfterBackupRestoration (8ms)
Refreshing native plugins compatible for Editor in 2.16 ms, found 3 plugins.
Preloading 0 native plugins for Editor in 0.00 ms.
Unloading 3623 Unused Serialized files (Serialized files now loaded: 0)
Unloading 27 unused Assets / (0.8 MB). Loaded Objects now: 4187.
Memory consumption went from 147.0 MB to 146.2 MB.
Total: 3.283100 ms (FindLiveObjects: 0.298900 ms CreateObjectMapping: 0.238300 ms MarkObjects: 2.342100 ms  DeleteObjects: 0.403000 ms)

Prepare: number of updated asset objects reloaded= 0
AssetImportParameters requested are different than current active one (requested -> active):
  custom:container-demuxer-ogg: 62fdf1f143b41e24485cea50d1cbac27 -> 
  custom:video-decoder-ogg-theora: a1e56fd34408186e4bbccfd4996cb3dc -> 
  custom:framework-win-MediaFoundation: 216162199b28c13a410421893ffa2e32 -> 
  custom:CustomObjectIndexerAttribute: 43b350a4d6e6d1791af0b5038c4bea17 -> 
  custom:container-demuxer-webm: 4f35f7cbe854078d1ac9338744f61a02 -> 
  custom:container-muxer-webm: aa71ff27fc2769a1b78a27578f13a17b -> 
  custom:video-decoder-webm-vp8: 9c59270c3fd7afecdb556c50c9e8de78 -> 
  custom:SearchIndexIgnoredProperties: e643bd26f0fe6173181afceb89e7c659 -> 
  custom:AudioImporter_EditorPlatform: d09bf68614088b80899f8185d706f6e7 -> 
  custom:video-encoder-webm-vp8: eb34c28f22e8b96e1ab97ce403110664 -> 
  custom:audio-decoder-ogg-vorbis: bf7c407c2cedff20999df2af8eb42d56 -> 
  custom:audio-encoder-webm-vorbis: bf7c407c2cedff20999df2af8eb42d56 -> 
========================================================================
Received Import Request.
  Time since last request: 46.090817 seconds.
  path: Assets/AssetStore/Mimic/Materials/Shaders
  artifactKey: Guid(488c7c251a4eae740a6677b0d31c781b) Importer(815301076,1909f56bfc062723c751e8b465ee728b)
Start importing Assets/AssetStore/Mimic/Materials/Shaders using Guid(488c7c251a4eae740a6677b0d31c781b) Importer(815301076,1909f56bfc062723c751e8b465ee728b)  -> (artifact id: '5b555233773ecf50eec384ff5df93af5') in 0.002772 seconds
Number of updated asset objects reloaded before import = 0
Number of asset objects unloaded after import = 0
========================================================================
Received Import Request.
  Time since last request: 0.097556 seconds.
  path: Assets/AssetStore/Mimic/Materials/Shaders/NoiseUtils.hlsl
  artifactKey: Guid(5565b3629eb17f14fa8ada7f2785860b) Importer(815301076,1909f56bfc062723c751e8b465ee728b)
Start importing Assets/AssetStore/Mimic/Materials/Shaders/NoiseUtils.hlsl using Guid(5565b3629eb17f14fa8ada7f2785860b) Importer(815301076,1909f56bfc062723c751e8b465ee728b)  -> (artifact id: 'c277d5d5fec20f585da41e61ac12c42d') in 0.022319 seconds
Number of updated asset objects reloaded before import = 0
Number of asset objects unloaded after import = 1
========================================================================
Received Import Request.
  Time since last request: 0.000015 seconds.
  path: Assets/AssetStore/Mimic/Materials/Shaders/SimplexNoise3D.hlsl
  artifactKey: Guid(7453c9e397ed9c3468d5b470876e2459) Importer(815301076,1909f56bfc062723c751e8b465ee728b)
Start importing Assets/AssetStore/Mimic/Materials/Shaders/SimplexNoise3D.hlsl using Guid(7453c9e397ed9c3468d5b470876e2459) Importer(815301076,1909f56bfc062723c751e8b465ee728b)  -> (artifact id: 'd226dc785444c41cb22c78fb552c0ea8') in 0.000742 seconds
Number of updated asset objects reloaded before import = 0
Number of asset objects unloaded after import = 1
